<?xml version="1.0" encoding="UTF-8"?>
<testsuite xmlns:xsi="http://www.w3.org/2001/XMLSchema-instance" xsi:noNamespaceSchemaLocation="https://maven.apache.org/surefire/maven-surefire-plugin/xsd/surefire-test-report-3.0.xsd" version="3.0" name="com.example.runners.RunnerTest" time="35.42" tests="4" errors="2" skipped="0" failures="0">
  <properties>
[...]
</properties>
  <testcase name="Añadir un nuevo elemento dinámicamente" classname="Add and Remove Elements" time="16.092">
    <error message="The step &apos;El usuario está en la página de Add/Remove Elements&apos; is undefined.&#10;You can implement this step using the snippet(s) below:&#10;&#10;@Given(&quot;El usuario está en la página de Add\\/Remove Elements&quot;)&#10;public void el_usuario_está_en_la_página_de_add_remove_elements() {&#10;    // Write code here that turns the phrase above into concrete actions&#10;    throw new io.cucumber.java.PendingException();&#10;}&#10;" type="io.cucumber.junit.UndefinedStepException"><![CDATA[io.cucumber.junit.UndefinedStepException: 
The step 'El usuario está en la página de Add/Remove Elements' is undefined.
You can implement this step using the snippet(s) below:

@Given("El usuario está en la página de Add\\/Remove Elements")
public void el_usuario_está_en_la_página_de_add_remove_elements() {
    // Write code here that turns the phrase above into concrete actions
    throw new io.cucumber.java.PendingException();
}

]]></error>
    <system-out><![CDATA[
Scenario: Añadir un nuevo elemento dinámicamente            # src/test/resources/features/add_remove_elements.feature:3
  Given El usuario está en la página de Add/Remove Elements
  When Hace clic en el botón "Add Element"                  # com.example.steps.AddRemoveElementsSteps.haceClicEnBoton(java.lang.String)
  Then Se debe mostrar un botón "Delete"                    # com.example.steps.AddRemoveElementsSteps.seDebeMostrarBoton(java.lang.String)
]]></system-out>
    <system-err><![CDATA[SLF4J(W): No SLF4J providers were found.
SLF4J(W): Defaulting to no-operation (NOP) logger implementation
SLF4J(W): See https://www.slf4j.org/codes.html#noProviders for further details.
may 15, 2025 2:36:59 P. M. org.openqa.selenium.devtools.CdpVersionFinder findNearestMatch
ADVERTENCIA: Unable to find CDP implementation matching 136
may 15, 2025 2:36:59 P. M. org.openqa.selenium.chromium.ChromiumDriver lambda$new$5
ADVERTENCIA: Unable to find version of CDP to use for 136.0.7103.113. You may need to include a dependency on a specific version of the CDP using something similar to `org.seleniumhq.selenium:selenium-devtools-v86:4.20.0` where the version ("v86") matches the version of the chromium-based browser you're using and the version number of the artifact is the same as Selenium's.
may 15, 2025 2:37:01 P. M. org.openqa.selenium.devtools.CdpVersionFinder findNearestMatch
ADVERTENCIA: Unable to find CDP implementation matching 136
may 15, 2025 2:37:01 P. M. org.openqa.selenium.chromium.ChromiumDriver lambda$new$5
ADVERTENCIA: Unable to find version of CDP to use for 136.0.7103.113. You may need to include a dependency on a specific version of the CDP using something similar to `org.seleniumhq.selenium:selenium-devtools-v86:4.20.0` where the version ("v86") matches the version of the chromium-based browser you're using and the version number of the artifact is the same as Selenium's.
]]></system-err>
  </testcase>
  <testcase name="Eliminar un elemento dinámicamente" classname="Add and Remove Elements" time="4.344">
    <error message="The step &apos;El usuario está en la página de Add/Remove Elements&apos; is undefined.&#10;You can implement this step using the snippet(s) below:&#10;&#10;@Given(&quot;El usuario está en la página de Add\\/Remove Elements&quot;)&#10;public void el_usuario_está_en_la_página_de_add_remove_elements() {&#10;    // Write code here that turns the phrase above into concrete actions&#10;    throw new io.cucumber.java.PendingException();&#10;}&#10;" type="io.cucumber.junit.UndefinedStepException"><![CDATA[io.cucumber.junit.UndefinedStepException: 
The step 'El usuario está en la página de Add/Remove Elements' is undefined.
You can implement this step using the snippet(s) below:

@Given("El usuario está en la página de Add\\/Remove Elements")
public void el_usuario_está_en_la_página_de_add_remove_elements() {
    // Write code here that turns the phrase above into concrete actions
    throw new io.cucumber.java.PendingException();
}

]]></error>
    <system-out><![CDATA[
Scenario: Eliminar un elemento dinámicamente                # src/test/resources/features/add_remove_elements.feature:8
  Given El usuario está en la página de Add/Remove Elements
  And Hace clic en el botón "Add Element"                   # com.example.steps.AddRemoveElementsSteps.haceClicEnBoton(java.lang.String)
  When Hace clic en el botón "Delete"                       # com.example.steps.AddRemoveElementsSteps.haceClicEnBoton(java.lang.String)
  Then El botón "Delete" ya no debe estar visible           # com.example.steps.AddRemoveElementsSteps.botonYaNoDebeEstarVisible(java.lang.String)
]]></system-out>
    <system-err><![CDATA[may 15, 2025 2:37:04 P. M. org.openqa.selenium.devtools.CdpVersionFinder findNearestMatch
ADVERTENCIA: Unable to find CDP implementation matching 136
may 15, 2025 2:37:04 P. M. org.openqa.selenium.chromium.ChromiumDriver lambda$new$5
ADVERTENCIA: Unable to find version of CDP to use for 136.0.7103.113. You may need to include a dependency on a specific version of the CDP using something similar to `org.seleniumhq.selenium:selenium-devtools-v86:4.20.0` where the version ("v86") matches the version of the chromium-based browser you're using and the version number of the artifact is the same as Selenium's.
may 15, 2025 2:37:06 P. M. org.openqa.selenium.devtools.CdpVersionFinder findNearestMatch
ADVERTENCIA: Unable to find CDP implementation matching 136
may 15, 2025 2:37:06 P. M. org.openqa.selenium.chromium.ChromiumDriver lambda$new$5
ADVERTENCIA: Unable to find version of CDP to use for 136.0.7103.113. You may need to include a dependency on a specific version of the CDP using something similar to `org.seleniumhq.selenium:selenium-devtools-v86:4.20.0` where the version ("v86") matches the version of the chromium-based browser you're using and the version number of the artifact is the same as Selenium's.
]]></system-err>
  </testcase>
  <testcase name="Hello" classname="Demo" time="4.245">
    <system-out><![CDATA[
Scenario: Hello       # src/test/resources/features/demo.feature:3
Hola desde el step definition!
  Given I print hello # com.example.steps.DemoSteps.i_print_hello()
]]></system-out>
    <system-err><![CDATA[may 15, 2025 2:37:08 P. M. org.openqa.selenium.devtools.CdpVersionFinder findNearestMatch
ADVERTENCIA: Unable to find CDP implementation matching 136
may 15, 2025 2:37:08 P. M. org.openqa.selenium.chromium.ChromiumDriver lambda$new$5
ADVERTENCIA: Unable to find version of CDP to use for 136.0.7103.113. You may need to include a dependency on a specific version of the CDP using something similar to `org.seleniumhq.selenium:selenium-devtools-v86:4.20.0` where the version ("v86") matches the version of the chromium-based browser you're using and the version number of the artifact is the same as Selenium's.
may 15, 2025 2:37:10 P. M. org.openqa.selenium.devtools.CdpVersionFinder findNearestMatch
ADVERTENCIA: Unable to find CDP implementation matching 136
may 15, 2025 2:37:10 P. M. org.openqa.selenium.chromium.ChromiumDriver lambda$new$5
ADVERTENCIA: Unable to find version of CDP to use for 136.0.7103.113. You may need to include a dependency on a specific version of the CDP using something similar to `org.seleniumhq.selenium:selenium-devtools-v86:4.20.0` where the version ("v86") matches the version of the chromium-based browser you're using and the version number of the artifact is the same as Selenium's.
]]></system-err>
  </testcase>
  <testcase name="Inicio de sesión exitoso con credenciales válidas" classname="Inicio de sesión" time="9.919">
    <system-out><![CDATA[
Scenario: Inicio de sesión exitoso con credenciales válidas                # src/test/resources/features/login.feature:3
  Given El usuario navega a la página de login                             # com.example.steps.LoginSteps.elUsuarioNavegaALaPaginaDeLogin()
  When Ingresa el nombre de usuario "tomsmith"                             # com.example.steps.LoginSteps.ingresaElNombreDeUsuario(java.lang.String)
  And Ingresa la contraseña "SuperSecretPassword!"                         # com.example.steps.LoginSteps.ingresaLaContrasena(java.lang.String)
  And Hace clic en el botón de login                                       # com.example.steps.LoginSteps.haceClicEnElBotonDeLogin()
  Then El sistema debe mostrar el mensaje "You logged into a secure area!" # com.example.steps.LoginSteps.elSistemaDebeMostrarElMensaje(java.lang.String)
]]></system-out>
    <system-err><![CDATA[may 15, 2025 2:37:13 P. M. org.openqa.selenium.devtools.CdpVersionFinder findNearestMatch
ADVERTENCIA: Unable to find CDP implementation matching 136
may 15, 2025 2:37:13 P. M. org.openqa.selenium.chromium.ChromiumDriver lambda$new$5
ADVERTENCIA: Unable to find version of CDP to use for 136.0.7103.113. You may need to include a dependency on a specific version of the CDP using something similar to `org.seleniumhq.selenium:selenium-devtools-v86:4.20.0` where the version ("v86") matches the version of the chromium-based browser you're using and the version number of the artifact is the same as Selenium's.
may 15, 2025 2:37:15 P. M. org.openqa.selenium.devtools.CdpVersionFinder findNearestMatch
ADVERTENCIA: Unable to find CDP implementation matching 136
may 15, 2025 2:37:15 P. M. org.openqa.selenium.chromium.ChromiumDriver lambda$new$5
ADVERTENCIA: Unable to find version of CDP to use for 136.0.7103.113. You may need to include a dependency on a specific version of the CDP using something similar to `org.seleniumhq.selenium:selenium-devtools-v86:4.20.0` where the version ("v86") matches the version of the chromium-based browser you're using and the version number of the artifact is the same as Selenium's.
]]></system-err>
  </testcase>
</testsuite>